<?xml version="1.0" encoding="UTF-8"?>
<testsuite name="com.johnathangilday.GreetingBinderTest" tests="1" skipped="0" failures="0" errors="0" timestamp="2017-01-25T02:48:37" hostname="jgilday-macbook.local" time="0.369">
  <properties/>
  <testcase name="it_binds_objectmapper_to_singleton_scope" classname="com.johnathangilday.GreetingBinderTest" time="0.369"/>
  <system-out><![CDATA[]]></system-out>
  <system-err><![CDATA[]]></system-err>
</testsuite>
